# JRE version: Java(TM) SE Runtime Environment (22.0.1+8) (build 22.0.1+8-16)
# Java VM: Java HotSpot(TM) 64-Bit Server VM (22.0.1+8-16, mixed mode, sharing, tiered, compressed oops, compressed class ptrs, g1 gc, windows-amd64)
GC Precious Log:
 CardTable entry size: 512
 Card Set container configuration: InlinePtr #cards 4 size 8 Array Of Cards #cards 32 size 80 Howl #buckets 8 coarsen threshold 7372 Howl Bitmap #cards 1024 size 144 coarsen threshold 921 Card regions per heap region 1 cards per card region 8192
 CPUs: 12 total, 12 available
 Memory: 7896M
 Large Page Support: Disabled
 NUMA Support: Disabled
 Compressed Oops: Enabled (Zero based)
 Heap Region Size: 4M
 Heap Min Capacity: 8M
 Heap Initial Capacity: 124M
 Heap Max Capacity: 8G
 Pre-touch: Disabled
 Parallel Workers: 10
 Concurrent Workers: 3
 Concurrent Refinement Workers: 10
 Periodic GC: Disabled
Heap:
 garbage-first heap   total reserved 8388608K, committed 1298432K, used 383142K [0x0000000600000000, 0x0000000800000000)
  region size 4096K, 2 young (8192K), 2 survivors (8192K)
 Metaspace       used 7372K, committed 7680K, reserved 1114112K
  class space    used 769K, committed 896K, reserved 1048576K
GC Heap History (20 events):
Event: 424340.179 GC heap after
{Heap after GC invocations=1183 (full 28):
 garbage-first heap   total reserved 8388608K, committed 1257472K, used 376908K [0x0000000600000000, 0x0000000800000000)
  region size 4096K, 3 young (12288K), 3 survivors (12288K)
 Metaspace       used 7372K, committed 7680K, reserved 1114112K
  class space    used 769K, committed 896K, reserved 1048576K
}
Event: 424340.331 GC heap before
{Heap before GC invocations=1183 (full 28):
 garbage-first heap   total reserved 8388608K, committed 1257472K, used 381004K [0x0000000600000000, 0x0000000800000000)
  region size 4096K, 5 young (20480K), 3 survivors (12288K)
 Metaspace       used 7372K, committed 7680K, reserved 1114112K
  class space    used 769K, committed 896K, reserved 1048576K
}
Event: 424341.095 GC heap after
{Heap after GC invocations=1184 (full 29):
 garbage-first heap   total reserved 8388608K, committed 1257472K, used 369607K [0x0000000600000000, 0x0000000800000000)
  region size 4096K, 0 young (0K), 0 survivors (0K)
 Metaspace       used 7372K, committed 7680K, reserved 1114112K
  class space    used 769K, committed 896K, reserved 1048576K
}
Event: 424344.776 GC heap before
{Heap before GC invocations=1184 (full 29):
 garbage-first heap   total reserved 8388608K, committed 1257472K, used 1123271K [0x0000000600000000, 0x0000000800000000)
  region size 4096K, 184 young (753664K), 0 survivors (0K)
 Metaspace       used 7372K, committed 7680K, reserved 1114112K
  class space    used 769K, committed 896K, reserved 1048576K
}
Event: 424344.796 GC heap after
{Heap after GC invocations=1185 (full 29):
 garbage-first heap   total reserved 8388608K, committed 1257472K, used 376278K [0x0000000600000000, 0x0000000800000000)
  region size 4096K, 2 young (8192K), 2 survivors (8192K)
 Metaspace       used 7372K, committed 7680K, reserved 1114112K
  class space    used 769K, committed 896K, reserved 1048576K
}
Event: 424344.988 GC heap before
{Heap before GC invocations=1186 (full 29):
 garbage-first heap   total reserved 8388608K, committed 1257472K, used 376278K [0x0000000600000000, 0x0000000800000000)
  region size 4096K, 3 young (12288K), 2 survivors (8192K)
 Metaspace       used 7372K, committed 7680K, reserved 1114112K
  class space    used 769K, committed 896K, reserved 1048576K
}
Event: 424345.592 GC heap after
{Heap after GC invocations=1187 (full 30):
 garbage-first heap   total reserved 8388608K, committed 1257472K, used 371122K [0x0000000600000000, 0x0000000800000000)
  region size 4096K, 0 young (0K), 0 survivors (0K)
 Metaspace       used 7372K, committed 7680K, reserved 1114112K
  class space    used 769K, committed 896K, reserved 1048576K
}
Event: 424349.535 GC heap before
{Heap before GC invocations=1187 (full 30):
 garbage-first heap   total reserved 8388608K, committed 1257472K, used 1124786K [0x0000000600000000, 0x0000000800000000)
  region size 4096K, 184 young (753664K), 0 survivors (0K)
 Metaspace       used 7372K, committed 7680K, reserved 1114112K
  class space    used 769K, committed 896K, reserved 1048576K
}
Event: 424349.680 GC heap after
{Heap after GC invocations=1188 (full 30):
 garbage-first heap   total reserved 8388608K, committed 3772416K, used 375011K [0x0000000600000000, 0x0000000800000000)
  region size 4096K, 1 young (4096K), 1 survivors (4096K)
 Metaspace       used 7372K, committed 7680K, reserved 1114112K
  class space    used 769K, committed 896K, reserved 1048576K
}
Event: 424355.762 GC heap before
{Heap before GC invocations=1189 (full 30):
 garbage-first heap   total reserved 8388608K, committed 1298432K, used 1149155K [0x0000000600000000, 0x0000000800000000)
  region size 4096K, 190 young (778240K), 1 survivors (4096K)
 Metaspace       used 7372K, committed 7680K, reserved 1114112K
  class space    used 769K, committed 896K, reserved 1048576K
}
Event: 424356.213 GC heap after
{Heap after GC invocations=1190 (full 30):
 garbage-first heap   total reserved 8388608K, committed 1298432K, used 377650K [0x0000000600000000, 0x0000000800000000)
  region size 4096K, 2 young (8192K), 2 survivors (8192K)
 Metaspace       used 7372K, committed 7680K, reserved 1114112K
  class space    used 769K, committed 896K, reserved 1048576K
}
Event: 424358.075 GC heap before
{Heap before GC invocations=1190 (full 30):
 garbage-first heap   total reserved 8388608K, committed 1298432K, used 455474K [0x0000000600000000, 0x0000000800000000)
  region size 4096K, 21 young (86016K), 2 survivors (8192K)
 Metaspace       used 7372K, committed 7680K, reserved 1114112K
  class space    used 769K, committed 896K, reserved 1048576K
}
Event: 424358.229 GC heap after
{Heap after GC invocations=1191 (full 30):
 garbage-first heap   total reserved 8388608K, committed 1298432K, used 378098K [0x0000000600000000, 0x0000000800000000)
  region size 4096K, 2 young (8192K), 2 survivors (8192K)
 Metaspace       used 7372K, committed 7680K, reserved 1114112K
  class space    used 769K, committed 896K, reserved 1048576K
}
Event: 424359.765 GC heap before
{Heap before GC invocations=1191 (full 30):
 garbage-first heap   total reserved 8388608K, committed 1298432K, used 660722K [0x0000000600000000, 0x0000000800000000)
  region size 4096K, 71 young (290816K), 2 survivors (8192K)
 Metaspace       used 7372K, committed 7680K, reserved 1114112K
  class space    used 769K, committed 896K, reserved 1048576K
}
Event: 424359.912 GC heap after
{Heap after GC invocations=1192 (full 30):
 garbage-first heap   total reserved 8388608K, committed 1298432K, used 380916K [0x0000000600000000, 0x0000000800000000)
  region size 4096K, 3 young (12288K), 3 survivors (12288K)
 Metaspace       used 7372K, committed 7680K, reserved 1114112K
  class space    used 769K, committed 896K, reserved 1048576K
}
Event: 424360.264 GC heap before
{Heap before GC invocations=1193 (full 30):
 garbage-first heap   total reserved 8388608K, committed 1298432K, used 380916K [0x0000000600000000, 0x0000000800000000)
  region size 4096K, 4 young (16384K), 3 survivors (12288K)
 Metaspace       used 7372K, committed 7680K, reserved 1114112K
  class space    used 769K, committed 896K, reserved 1048576K
}
Event: 424361.387 GC heap after
{Heap after GC invocations=1194 (full 31):
 garbage-first heap   total reserved 8388608K, committed 1298432K, used 375956K [0x0000000600000000, 0x0000000800000000)
  region size 4096K, 0 young (0K), 0 survivors (0K)
 Metaspace       used 7372K, committed 7680K, reserved 1114112K
  class space    used 769K, committed 896K, reserved 1048576K
}
Event: 424368.415 GC heap before
{Heap before GC invocations=1194 (full 31):
 garbage-first heap   total reserved 8388608K, committed 1298432K, used 1154196K [0x0000000600000000, 0x0000000800000000)
  region size 4096K, 190 young (778240K), 0 survivors (0K)
 Metaspace       used 7372K, committed 7680K, reserved 1114112K
  class space    used 769K, committed 896K, reserved 1048576K
}
Event: 424368.704 GC heap after
{Heap after GC invocations=1195 (full 31):
 garbage-first heap   total reserved 8388608K, committed 1298432K, used 381318K [0x0000000600000000, 0x0000000800000000)
  region size 4096K, 2 young (8192K), 2 survivors (8192K)
 Metaspace       used 7372K, committed 7680K, reserved 1114112K
  class space    used 769K, committed 896K, reserved 1048576K
}
Event: 424379.116 GC heap before
{Heap before GC invocations=1195 (full 31):
 garbage-first heap   total reserved 8388608K, committed 1298432K, used 639366K [0x0000000600000000, 0x0000000800000000)
  region size 4096K, 65 young (266240K), 2 survivors (8192K)
 Metaspace       used 7372K, committed 7680K, reserved 1114112K
  class space    used 769K, committed 896K, reserved 1048576K
}

