# JRE version: OpenJDK Runtime Environment (17.0.18+8) (build 17.0.18+8-Ubuntu-124.04.1)
# Java VM: OpenJDK 64-Bit Server VM (17.0.18+8-Ubuntu-124.04.1, mixed mode, sharing, tiered, compressed oops, compressed class ptrs, g1 gc, linux-amd64)
GC Precious Log:
 CPUs: 16 total, 16 available
 Memory: 7792M
 Large Page Support: Disabled
 NUMA Support: Disabled
 Compressed Oops: Enabled (Zero based)
 Heap Region Size: 4M
 Heap Min Capacity: 8M
 Heap Initial Capacity: 124M
 Heap Max Capacity: 8G
 Pre-touch: Disabled
 Parallel Workers: 13
 Concurrent Workers: 3
 Concurrent Refinement Workers: 13
 Periodic GC: Disabled
Heap:
 garbage-first heap   total 57344K, used 22313K [0x0000000600000000, 0x0000000800000000)
  region size 4096K, 1 young (4096K), 0 survivors (0K)
 Metaspace       used 3687K, committed 3904K, reserved 1114112K
  class space    used 366K, committed 448K, reserved 1048576K
GC Heap History (20 events):
Event: 14768.695 GC heap before
{Heap before GC invocations=64 (full 62):
 garbage-first heap   total 57344K, used 22313K [0x0000000600000000, 0x0000000800000000)
  region size 4096K, 1 young (4096K), 0 survivors (0K)
 Metaspace       used 3686K, committed 3904K, reserved 1114112K
  class space    used 365K, committed 448K, reserved 1048576K
}
Event: 14768.706 GC heap after
{Heap after GC invocations=65 (full 63):
 garbage-first heap   total 57344K, used 22313K [0x0000000600000000, 0x0000000800000000)
  region size 4096K, 0 young (0K), 0 survivors (0K)
 Metaspace       used 3686K, committed 3904K, reserved 1114112K
  class space    used 365K, committed 448K, reserved 1048576K
}
Event: 14773.316 GC heap before
{Heap before GC invocations=65 (full 63):
 garbage-first heap   total 57344K, used 22313K [0x0000000600000000, 0x0000000800000000)
  region size 4096K, 1 young (4096K), 0 survivors (0K)
 Metaspace       used 3686K, committed 3904K, reserved 1114112K
  class space    used 365K, committed 448K, reserved 1048576K
}
Event: 14773.327 GC heap after
{Heap after GC invocations=66 (full 64):
 garbage-first heap   total 57344K, used 22313K [0x0000000600000000, 0x0000000800000000)
  region size 4096K, 0 young (0K), 0 survivors (0K)
 Metaspace       used 3686K, committed 3904K, reserved 1114112K
  class space    used 365K, committed 448K, reserved 1048576K
}
Event: 14777.886 GC heap before
{Heap before GC invocations=66 (full 64):
 garbage-first heap   total 57344K, used 22313K [0x0000000600000000, 0x0000000800000000)
  region size 4096K, 1 young (4096K), 0 survivors (0K)
 Metaspace       used 3686K, committed 3904K, reserved 1114112K
  class space    used 365K, committed 448K, reserved 1048576K
}
Event: 14777.897 GC heap after
{Heap after GC invocations=67 (full 65):
 garbage-first heap   total 57344K, used 22313K [0x0000000600000000, 0x0000000800000000)
  region size 4096K, 0 young (0K), 0 survivors (0K)
 Metaspace       used 3686K, committed 3904K, reserved 1114112K
  class space    used 365K, committed 448K, reserved 1048576K
}
Event: 15153.337 GC heap before
{Heap before GC invocations=67 (full 65):
 garbage-first heap   total 57344K, used 22313K [0x0000000600000000, 0x0000000800000000)
  region size 4096K, 1 young (4096K), 0 survivors (0K)
 Metaspace       used 3686K, committed 3904K, reserved 1114112K
  class space    used 365K, committed 448K, reserved 1048576K
}
Event: 15153.364 GC heap after
{Heap after GC invocations=68 (full 66):
 garbage-first heap   total 57344K, used 22313K [0x0000000600000000, 0x0000000800000000)
  region size 4096K, 0 young (0K), 0 survivors (0K)
 Metaspace       used 3686K, committed 3904K, reserved 1114112K
  class space    used 365K, committed 448K, reserved 1048576K
}
Event: 15158.215 GC heap before
{Heap before GC invocations=68 (full 66):
 garbage-first heap   total 57344K, used 22313K [0x0000000600000000, 0x0000000800000000)
  region size 4096K, 1 young (4096K), 0 survivors (0K)
 Metaspace       used 3686K, committed 3904K, reserved 1114112K
  class space    used 365K, committed 448K, reserved 1048576K
}
Event: 15158.226 GC heap after
{Heap after GC invocations=69 (full 67):
 garbage-first heap   total 57344K, used 22313K [0x0000000600000000, 0x0000000800000000)
  region size 4096K, 0 young (0K), 0 survivors (0K)
 Metaspace       used 3686K, committed 3904K, reserved 1114112K
  class space    used 365K, committed 448K, reserved 1048576K
}
Event: 15163.164 GC heap before
{Heap before GC invocations=69 (full 67):
 garbage-first heap   total 57344K, used 22313K [0x0000000600000000, 0x0000000800000000)
  region size 4096K, 1 young (4096K), 0 survivors (0K)
 Metaspace       used 3686K, committed 3904K, reserved 1114112K
  class space    used 365K, committed 448K, reserved 1048576K
}
Event: 15163.173 GC heap after
{Heap after GC invocations=70 (full 68):
 garbage-first heap   total 57344K, used 22313K [0x0000000600000000, 0x0000000800000000)
  region size 4096K, 0 young (0K), 0 survivors (0K)
 Metaspace       used 3686K, committed 3904K, reserved 1114112K
  class space    used 365K, committed 448K, reserved 1048576K
}
Event: 15168.327 GC heap before
{Heap before GC invocations=70 (full 68):
 garbage-first heap   total 57344K, used 22313K [0x0000000600000000, 0x0000000800000000)
  region size 4096K, 1 young (4096K), 0 survivors (0K)
 Metaspace       used 3686K, committed 3904K, reserved 1114112K
  class space    used 365K, committed 448K, reserved 1048576K
}
Event: 15168.345 GC heap after
{Heap after GC invocations=71 (full 69):
 garbage-first heap   total 57344K, used 22313K [0x0000000600000000, 0x0000000800000000)
  region size 4096K, 0 young (0K), 0 survivors (0K)
 Metaspace       used 3686K, committed 3904K, reserved 1114112K
  class space    used 365K, committed 448K, reserved 1048576K
}
Event: 16006.807 GC heap before
{Heap before GC invocations=71 (full 69):
 garbage-first heap   total 57344K, used 22313K [0x0000000600000000, 0x0000000800000000)
  region size 4096K, 1 young (4096K), 0 survivors (0K)
 Metaspace       used 3686K, committed 3904K, reserved 1114112K
  class space    used 365K, committed 448K, reserved 1048576K
}
Event: 16006.825 GC heap after
{Heap after GC invocations=72 (full 70):
 garbage-first heap   total 57344K, used 22313K [0x0000000600000000, 0x0000000800000000)
  region size 4096K, 0 young (0K), 0 survivors (0K)
 Metaspace       used 3686K, committed 3904K, reserved 1114112K
  class space    used 365K, committed 448K, reserved 1048576K
}
Event: 16010.583 GC heap before
{Heap before GC invocations=72 (full 70):
 garbage-first heap   total 57344K, used 22313K [0x0000000600000000, 0x0000000800000000)
  region size 4096K, 1 young (4096K), 0 survivors (0K)
 Metaspace       used 3686K, committed 3904K, reserved 1114112K
  class space    used 365K, committed 448K, reserved 1048576K
}
Event: 16010.596 GC heap after
{Heap after GC invocations=73 (full 71):
 garbage-first heap   total 57344K, used 22313K [0x0000000600000000, 0x0000000800000000)
  region size 4096K, 0 young (0K), 0 survivors (0K)
 Metaspace       used 3686K, committed 3904K, reserved 1114112K
  class space    used 365K, committed 448K, reserved 1048576K
}
Event: 16014.271 GC heap before
{Heap before GC invocations=73 (full 71):
 garbage-first heap   total 57344K, used 22313K [0x0000000600000000, 0x0000000800000000)
  region size 4096K, 1 young (4096K), 0 survivors (0K)
 Metaspace       used 3686K, committed 3904K, reserved 1114112K
  class space    used 365K, committed 448K, reserved 1048576K
}
Event: 16014.281 GC heap after
{Heap after GC invocations=74 (full 72):
 garbage-first heap   total 57344K, used 22313K [0x0000000600000000, 0x0000000800000000)
  region size 4096K, 0 young (0K), 0 survivors (0K)
 Metaspace       used 3686K, committed 3904K, reserved 1114112K
  class space    used 365K, committed 448K, reserved 1048576K
}

